<?xml version="1.0" encoding="UTF-8"?>
<robot generator="Robot 6.1.1 (Python 3.11.2 on darwin)" generated="20231120 21:19:30.747" rpa="false" schemaversion="4">
<suite id="s1" name="Tests" source="/Users/eva/palautusrepositorio/viikko3/login-robot/src/tests">
<suite id="s1-s1" name="Login" source="/Users/eva/palautusrepositorio/viikko3/login-robot/src/tests/login.robot">
<test id="s1-s1-t1" name="Login With Correct Credentials" line="6">
<kw name="Create User And Input Login Command" type="SETUP">
<kw name="Create User" library="AppLibrary">
<arg>kalle</arg>
<arg>kalle123</arg>
<status status="PASS" starttime="20231120 21:19:30.758" endtime="20231120 21:19:30.758"/>
</kw>
<kw name="Input Login Command" library="resource">
<kw name="Input" library="AppLibrary">
<arg>login</arg>
<status status="PASS" starttime="20231120 21:19:30.758" endtime="20231120 21:19:30.758"/>
</kw>
<status status="PASS" starttime="20231120 21:19:30.758" endtime="20231120 21:19:30.758"/>
</kw>
<status status="PASS" starttime="20231120 21:19:30.758" endtime="20231120 21:19:30.758"/>
</kw>
<kw name="Input Credentials" library="resource">
<arg>kalle</arg>
<arg>kalle123</arg>
<kw name="Input" library="AppLibrary">
<arg>${username}</arg>
<status status="PASS" starttime="20231120 21:19:30.758" endtime="20231120 21:19:30.758"/>
</kw>
<kw name="Input" library="AppLibrary">
<arg>${password}</arg>
<status status="PASS" starttime="20231120 21:19:30.758" endtime="20231120 21:19:30.758"/>
</kw>
<kw name="Run Application" library="AppLibrary">
<status status="PASS" starttime="20231120 21:19:30.758" endtime="20231120 21:19:30.759"/>
</kw>
<status status="PASS" starttime="20231120 21:19:30.758" endtime="20231120 21:19:30.759"/>
</kw>
<kw name="Output Should Contain" library="AppLibrary">
<arg>Logged in</arg>
<status status="PASS" starttime="20231120 21:19:30.759" endtime="20231120 21:19:30.759"/>
</kw>
<status status="PASS" starttime="20231120 21:19:30.758" endtime="20231120 21:19:30.759"/>
</test>
<test id="s1-s1-t2" name="Login With Incorrect Password" line="10">
<kw name="Create User And Input Login Command" type="SETUP">
<kw name="Create User" library="AppLibrary">
<arg>kalle</arg>
<arg>kalle123</arg>
<status status="PASS" starttime="20231120 21:19:30.759" endtime="20231120 21:19:30.759"/>
</kw>
<kw name="Input Login Command" library="resource">
<kw name="Input" library="AppLibrary">
<arg>login</arg>
<status status="PASS" starttime="20231120 21:19:30.759" endtime="20231120 21:19:30.759"/>
</kw>
<status status="PASS" starttime="20231120 21:19:30.759" endtime="20231120 21:19:30.759"/>
</kw>
<status status="PASS" starttime="20231120 21:19:30.759" endtime="20231120 21:19:30.759"/>
</kw>
<kw name="Input Credentials" library="resource">
<arg>kalle</arg>
<arg>kalle12</arg>
<kw name="Input" library="AppLibrary">
<arg>${username}</arg>
<status status="PASS" starttime="20231120 21:19:30.759" endtime="20231120 21:19:30.759"/>
</kw>
<kw name="Input" library="AppLibrary">
<arg>${password}</arg>
<status status="PASS" starttime="20231120 21:19:30.759" endtime="20231120 21:19:30.759"/>
</kw>
<kw name="Run Application" library="AppLibrary">
<status status="PASS" starttime="20231120 21:19:30.759" endtime="20231120 21:19:30.759"/>
</kw>
<status status="PASS" starttime="20231120 21:19:30.759" endtime="20231120 21:19:30.759"/>
</kw>
<kw name="Output Should Contain" library="AppLibrary">
<arg>Invalid username or password</arg>
<status status="PASS" starttime="20231120 21:19:30.759" endtime="20231120 21:19:30.759"/>
</kw>
<status status="PASS" starttime="20231120 21:19:30.759" endtime="20231120 21:19:30.759"/>
</test>
<test id="s1-s1-t3" name="Login With Nonexistent Username" line="14">
<kw name="Create User And Input Login Command" type="SETUP">
<kw name="Create User" library="AppLibrary">
<arg>kalle</arg>
<arg>kalle123</arg>
<status status="PASS" starttime="20231120 21:19:30.760" endtime="20231120 21:19:30.760"/>
</kw>
<kw name="Input Login Command" library="resource">
<kw name="Input" library="AppLibrary">
<arg>login</arg>
<status status="PASS" starttime="20231120 21:19:30.760" endtime="20231120 21:19:30.760"/>
</kw>
<status status="PASS" starttime="20231120 21:19:30.760" endtime="20231120 21:19:30.760"/>
</kw>
<status status="PASS" starttime="20231120 21:19:30.760" endtime="20231120 21:19:30.760"/>
</kw>
<kw name="Input Credentials" library="resource">
<arg>kall</arg>
<arg>kalle123</arg>
<kw name="Input" library="AppLibrary">
<arg>${username}</arg>
<status status="PASS" starttime="20231120 21:19:30.760" endtime="20231120 21:19:30.760"/>
</kw>
<kw name="Input" library="AppLibrary">
<arg>${password}</arg>
<status status="PASS" starttime="20231120 21:19:30.760" endtime="20231120 21:19:30.760"/>
</kw>
<kw name="Run Application" library="AppLibrary">
<status status="PASS" starttime="20231120 21:19:30.760" endtime="20231120 21:19:30.760"/>
</kw>
<status status="PASS" starttime="20231120 21:19:30.760" endtime="20231120 21:19:30.760"/>
</kw>
<kw name="Output Should Contain" library="AppLibrary">
<arg>Invalid username or password</arg>
<status status="PASS" starttime="20231120 21:19:30.760" endtime="20231120 21:19:30.760"/>
</kw>
<status status="PASS" starttime="20231120 21:19:30.760" endtime="20231120 21:19:30.760"/>
</test>
<status status="PASS" starttime="20231120 21:19:30.754" endtime="20231120 21:19:30.760"/>
</suite>
<suite id="s1-s2" name="Register" source="/Users/eva/palautusrepositorio/viikko3/login-robot/src/tests/register.robot">
<test id="s1-s2-t1" name="Register With Valid Username And Password" line="6">
<kw name="Create User And Input New Command" type="SETUP">
<kw name="Create User" library="AppLibrary">
<arg>kalle</arg>
<arg>kalle123</arg>
<status status="PASS" starttime="20231120 21:19:30.761" endtime="20231120 21:19:30.761"/>
</kw>
<kw name="Input New Command" library="resource">
<kw name="Input" library="AppLibrary">
<arg>new</arg>
<status status="PASS" starttime="20231120 21:19:30.762" endtime="20231120 21:19:30.762"/>
</kw>
<status status="PASS" starttime="20231120 21:19:30.762" endtime="20231120 21:19:30.762"/>
</kw>
<status status="PASS" starttime="20231120 21:19:30.761" endtime="20231120 21:19:30.762"/>
</kw>
<kw name="Input Credentials" library="resource">
<arg>pasi</arg>
<arg>Pasi1234!</arg>
<kw name="Input" library="AppLibrary">
<arg>${username}</arg>
<status status="PASS" starttime="20231120 21:19:30.762" endtime="20231120 21:19:30.762"/>
</kw>
<kw name="Input" library="AppLibrary">
<arg>${password}</arg>
<status status="PASS" starttime="20231120 21:19:30.762" endtime="20231120 21:19:30.762"/>
</kw>
<kw name="Run Application" library="AppLibrary">
<status status="PASS" starttime="20231120 21:19:30.762" endtime="20231120 21:19:30.762"/>
</kw>
<status status="PASS" starttime="20231120 21:19:30.762" endtime="20231120 21:19:30.762"/>
</kw>
<kw name="Output Should Contain" library="AppLibrary">
<arg>New user registered</arg>
<status status="PASS" starttime="20231120 21:19:30.762" endtime="20231120 21:19:30.762"/>
</kw>
<status status="PASS" starttime="20231120 21:19:30.761" endtime="20231120 21:19:30.762"/>
</test>
<test id="s1-s2-t2" name="Register With Already Taken Username And Valid Password" line="10">
<kw name="Create User And Input New Command" type="SETUP">
<kw name="Create User" library="AppLibrary">
<arg>kalle</arg>
<arg>kalle123</arg>
<status status="PASS" starttime="20231120 21:19:30.762" endtime="20231120 21:19:30.762"/>
</kw>
<kw name="Input New Command" library="resource">
<kw name="Input" library="AppLibrary">
<arg>new</arg>
<status status="PASS" starttime="20231120 21:19:30.762" endtime="20231120 21:19:30.762"/>
</kw>
<status status="PASS" starttime="20231120 21:19:30.762" endtime="20231120 21:19:30.762"/>
</kw>
<status status="PASS" starttime="20231120 21:19:30.762" endtime="20231120 21:19:30.762"/>
</kw>
<kw name="Input Credentials" library="resource">
<arg>kalle</arg>
<arg>kalle123</arg>
<kw name="Input" library="AppLibrary">
<arg>${username}</arg>
<status status="PASS" starttime="20231120 21:19:30.763" endtime="20231120 21:19:30.763"/>
</kw>
<kw name="Input" library="AppLibrary">
<arg>${password}</arg>
<status status="PASS" starttime="20231120 21:19:30.763" endtime="20231120 21:19:30.763"/>
</kw>
<kw name="Run Application" library="AppLibrary">
<status status="PASS" starttime="20231120 21:19:30.763" endtime="20231120 21:19:30.763"/>
</kw>
<status status="PASS" starttime="20231120 21:19:30.762" endtime="20231120 21:19:30.763"/>
</kw>
<kw name="Output Should Contain" library="AppLibrary">
<arg>User with username kalle already exists</arg>
<status status="PASS" starttime="20231120 21:19:30.763" endtime="20231120 21:19:30.763"/>
</kw>
<status status="PASS" starttime="20231120 21:19:30.762" endtime="20231120 21:19:30.763"/>
</test>
<test id="s1-s2-t3" name="Register With Too Short Username And Valid Password" line="14">
<kw name="Create User And Input New Command" type="SETUP">
<kw name="Create User" library="AppLibrary">
<arg>kalle</arg>
<arg>kalle123</arg>
<status status="PASS" starttime="20231120 21:19:30.763" endtime="20231120 21:19:30.763"/>
</kw>
<kw name="Input New Command" library="resource">
<kw name="Input" library="AppLibrary">
<arg>new</arg>
<status status="PASS" starttime="20231120 21:19:30.763" endtime="20231120 21:19:30.763"/>
</kw>
<status status="PASS" starttime="20231120 21:19:30.763" endtime="20231120 21:19:30.763"/>
</kw>
<status status="PASS" starttime="20231120 21:19:30.763" endtime="20231120 21:19:30.763"/>
</kw>
<kw name="Input Credentials" library="resource">
<arg>p</arg>
<arg>Pasi1234!</arg>
<kw name="Input" library="AppLibrary">
<arg>${username}</arg>
<status status="PASS" starttime="20231120 21:19:30.763" endtime="20231120 21:19:30.763"/>
</kw>
<kw name="Input" library="AppLibrary">
<arg>${password}</arg>
<status status="PASS" starttime="20231120 21:19:30.763" endtime="20231120 21:19:30.763"/>
</kw>
<kw name="Run Application" library="AppLibrary">
<status status="PASS" starttime="20231120 21:19:30.763" endtime="20231120 21:19:30.763"/>
</kw>
<status status="PASS" starttime="20231120 21:19:30.763" endtime="20231120 21:19:30.763"/>
</kw>
<kw name="Output Should Contain" library="AppLibrary">
<arg>Wrong input</arg>
<status status="PASS" starttime="20231120 21:19:30.764" endtime="20231120 21:19:30.764"/>
</kw>
<status status="PASS" starttime="20231120 21:19:30.763" endtime="20231120 21:19:30.764"/>
</test>
<test id="s1-s2-t4" name="Register With Enough Long But Invalid Username And Valid Password" line="18">
<kw name="Create User And Input New Command" type="SETUP">
<kw name="Create User" library="AppLibrary">
<arg>kalle</arg>
<arg>kalle123</arg>
<status status="PASS" starttime="20231120 21:19:30.764" endtime="20231120 21:19:30.764"/>
</kw>
<kw name="Input New Command" library="resource">
<kw name="Input" library="AppLibrary">
<arg>new</arg>
<status status="PASS" starttime="20231120 21:19:30.764" endtime="20231120 21:19:30.764"/>
</kw>
<status status="PASS" starttime="20231120 21:19:30.764" endtime="20231120 21:19:30.764"/>
</kw>
<status status="PASS" starttime="20231120 21:19:30.764" endtime="20231120 21:19:30.764"/>
</kw>
<kw name="Input Credentials" library="resource">
<arg>Pasi1234!</arg>
<arg>Pasi1234!</arg>
<kw name="Input" library="AppLibrary">
<arg>${username}</arg>
<status status="PASS" starttime="20231120 21:19:30.764" endtime="20231120 21:19:30.764"/>
</kw>
<kw name="Input" library="AppLibrary">
<arg>${password}</arg>
<status status="PASS" starttime="20231120 21:19:30.764" endtime="20231120 21:19:30.764"/>
</kw>
<kw name="Run Application" library="AppLibrary">
<status status="PASS" starttime="20231120 21:19:30.764" endtime="20231120 21:19:30.764"/>
</kw>
<status status="PASS" starttime="20231120 21:19:30.764" endtime="20231120 21:19:30.764"/>
</kw>
<kw name="Output Should Contain" library="AppLibrary">
<arg>Wrong input</arg>
<status status="PASS" starttime="20231120 21:19:30.764" endtime="20231120 21:19:30.764"/>
</kw>
<status status="PASS" starttime="20231120 21:19:30.764" endtime="20231120 21:19:30.764"/>
</test>
<test id="s1-s2-t5" name="Register With Valid Username And Too Short Password" line="22">
<kw name="Create User And Input New Command" type="SETUP">
<kw name="Create User" library="AppLibrary">
<arg>kalle</arg>
<arg>kalle123</arg>
<status status="PASS" starttime="20231120 21:19:30.765" endtime="20231120 21:19:30.765"/>
</kw>
<kw name="Input New Command" library="resource">
<kw name="Input" library="AppLibrary">
<arg>new</arg>
<status status="PASS" starttime="20231120 21:19:30.765" endtime="20231120 21:19:30.765"/>
</kw>
<status status="PASS" starttime="20231120 21:19:30.765" endtime="20231120 21:19:30.765"/>
</kw>
<status status="PASS" starttime="20231120 21:19:30.765" endtime="20231120 21:19:30.765"/>
</kw>
<kw name="Input Credentials" library="resource">
<arg>pasi</arg>
<arg>Pasi12!</arg>
<kw name="Input" library="AppLibrary">
<arg>${username}</arg>
<status status="PASS" starttime="20231120 21:19:30.765" endtime="20231120 21:19:30.765"/>
</kw>
<kw name="Input" library="AppLibrary">
<arg>${password}</arg>
<status status="PASS" starttime="20231120 21:19:30.765" endtime="20231120 21:19:30.765"/>
</kw>
<kw name="Run Application" library="AppLibrary">
<status status="PASS" starttime="20231120 21:19:30.765" endtime="20231120 21:19:30.765"/>
</kw>
<status status="PASS" starttime="20231120 21:19:30.765" endtime="20231120 21:19:30.765"/>
</kw>
<kw name="Output Should Contain" library="AppLibrary">
<arg>Password must be longer than 7 and not just contain letters</arg>
<status status="PASS" starttime="20231120 21:19:30.765" endtime="20231120 21:19:30.765"/>
</kw>
<status status="PASS" starttime="20231120 21:19:30.764" endtime="20231120 21:19:30.765"/>
</test>
<test id="s1-s2-t6" name="Register With Valid Username And Long Enough Password Containing Only Letters" line="26">
<kw name="Create User And Input New Command" type="SETUP">
<kw name="Create User" library="AppLibrary">
<arg>kalle</arg>
<arg>kalle123</arg>
<status status="PASS" starttime="20231120 21:19:30.765" endtime="20231120 21:19:30.765"/>
</kw>
<kw name="Input New Command" library="resource">
<kw name="Input" library="AppLibrary">
<arg>new</arg>
<status status="PASS" starttime="20231120 21:19:30.766" endtime="20231120 21:19:30.766"/>
</kw>
<status status="PASS" starttime="20231120 21:19:30.765" endtime="20231120 21:19:30.766"/>
</kw>
<status status="PASS" starttime="20231120 21:19:30.765" endtime="20231120 21:19:30.766"/>
</kw>
<kw name="Input Credentials" library="resource">
<arg>pasi</arg>
<arg>pasipasipasi</arg>
<kw name="Input" library="AppLibrary">
<arg>${username}</arg>
<status status="PASS" starttime="20231120 21:19:30.766" endtime="20231120 21:19:30.766"/>
</kw>
<kw name="Input" library="AppLibrary">
<arg>${password}</arg>
<status status="PASS" starttime="20231120 21:19:30.766" endtime="20231120 21:19:30.766"/>
</kw>
<kw name="Run Application" library="AppLibrary">
<status status="PASS" starttime="20231120 21:19:30.766" endtime="20231120 21:19:30.766"/>
</kw>
<status status="PASS" starttime="20231120 21:19:30.766" endtime="20231120 21:19:30.766"/>
</kw>
<kw name="Output Should Contain" library="AppLibrary">
<arg>Password must be longer than 7 and not just contain letters</arg>
<status status="PASS" starttime="20231120 21:19:30.766" endtime="20231120 21:19:30.766"/>
</kw>
<status status="PASS" starttime="20231120 21:19:30.765" endtime="20231120 21:19:30.766"/>
</test>
<status status="PASS" starttime="20231120 21:19:30.761" endtime="20231120 21:19:30.766"/>
</suite>
<status status="PASS" starttime="20231120 21:19:30.748" endtime="20231120 21:19:30.766"/>
</suite>
<statistics>
<total>
<stat pass="9" fail="0" skip="0">All Tests</stat>
</total>
<tag>
</tag>
<suite>
<stat pass="9" fail="0" skip="0" id="s1" name="Tests">Tests</stat>
<stat pass="3" fail="0" skip="0" id="s1-s1" name="Login">Tests.Login</stat>
<stat pass="6" fail="0" skip="0" id="s1-s2" name="Register">Tests.Register</stat>
</suite>
</statistics>
<errors>
</errors>
</robot>
